<?xml version="1.0" encoding="UTF-8"?>
<!-- Generated by org.testng.reporters.JUnitReportReporter -->
<testsuite skipped="0" hostname="Pravash" name="testCase.HomeTest" tests="1" failures="0" timestamp="2023-02-06T22:42:23 IST" time="14.902" errors="0">
  <testcase name="verifyLinks" time="14.902" classname="testCase.HomeTest"/>
</testsuite> <!-- testCase.HomeTest -->
