<?xml version="1.0" encoding="UTF-8"?>
<!-- Generated by org.testng.reporters.JUnitReportReporter -->
<testsuite skipped="0" hostname="Pravash" name="testCase.TimeSheetTest" tests="1" failures="0" timestamp="2023-01-30T22:16:51 IST" time="47.958" errors="0">
  <testcase name="timeSheetTest1" time="47.958" classname="testCase.TimeSheetTest"/>
</testsuite> <!-- testCase.TimeSheetTest -->
