<?xml version="1.0" encoding="UTF-8"?>
<!-- Generated by org.testng.reporters.JUnitReportReporter -->
<testsuite skipped="0" hostname="Pravash" name="testCase.ResetPasswordPage" tests="1" failures="0" timestamp="2023-01-29T19:26:20 IST" time="16.698" errors="0">
  <testcase name="cancelButtonClickHome" time="16.698" classname="testCase.ResetPasswordPage"/>
</testsuite> <!-- testCase.ResetPasswordPage -->
